2023-07-17 14:27:34,935 INFO deps: Successfully imported "kivy_deps.angle" 0.3.3
2023-07-17 14:27:34,936 INFO deps: Successfully imported "kivy_deps.glew" 0.3.1
2023-07-17 14:27:34,936 INFO deps: Successfully imported "kivy_deps.sdl2" 0.6.0
2023-07-17 14:27:34,936 INFO Kivy: v2.1.0
2023-07-17 14:27:34,936 INFO Kivy: Installed at "C:\Users\a.colas\PycharmProjects\heimdal\venv\lib\site-packages\kivy\__init__.py"
2023-07-17 14:27:34,937 INFO Python: v3.9.13 (tags/v3.9.13:6de2ca5, May 17 2022, 16:36:42) [MSC v.1929 64 bit (AMD64)]
2023-07-17 14:27:34,937 INFO Python: Interpreter at "C:\Users\a.colas\PycharmProjects\heimdal\venv\Scripts\python.exe"
2023-07-17 14:27:35,205 INFO Factory: 189 symbols loaded
2023-07-17 14:27:35,321 INFO Image: Providers: img_tex, img_dds, img_sdl2, img_pil (img_ffpyplayer ignored)
2023-07-17 14:27:35,467 INFO KivyMD: 1.1.1, git-Unknown, 2023-04-03 (installed at "C:\Users\a.colas\PycharmProjects\heimdal\venv\lib\site-packages\kivymd\__init__.py")
2023-07-17 14:27:35,479 INFO Text: Provider: sdl2
2023-07-17 14:27:35,540 INFO Window: Provider: sdl2
2023-07-17 14:27:35,934 INFO GL: Using the "OpenGL" graphics system
2023-07-17 14:27:35,955 INFO GL: GLEW initialization succeeded
2023-07-17 14:27:35,956 INFO GL: Backend used <glew>
2023-07-17 14:27:35,962 INFO GL: OpenGL version <b'4.6.0 Compatibility Profile Context 22.20.42.09.221129'>
2023-07-17 14:27:35,963 INFO GL: OpenGL vendor <b'ATI Technologies Inc.'>
2023-07-17 14:27:35,963 INFO GL: OpenGL renderer <b'AMD Radeon(TM) Vega 3 Graphics'>
2023-07-17 14:27:35,963 INFO GL: OpenGL parsed version: 4, 6
2023-07-17 14:27:35,964 INFO GL: Shading version <b'4.60'>
2023-07-17 14:27:35,965 INFO GL: Texture max size <16384>
2023-07-17 14:27:35,965 INFO GL: Texture max units <32>
2023-07-17 14:27:36,015 INFO Window: auto add sdl2 input provider
2023-07-17 14:27:36,018 INFO Window: virtual keyboard not allowed, single mode, not docked
2023-07-17 14:27:37,952 INFO Lancement de l'application
2023-07-17 14:27:37,974 WARNING Factory: Ignored class "CustomTextInput" re-declaration. Current -  module: None, cls: <class 'MyApp.CustomTextInput'>, baseclass: None, filename: None. Ignored -  module: None, cls: None, baseclass: TextInput, filename: C:\Users\a.colas\PycharmProjects\heimdal\myapp.kv.
2023-07-17 14:27:37,975 WARNING Factory: Ignored class "RoundedInput" re-declaration. Current -  module: None, cls: <class 'MyApp.RoundedInput'>, baseclass: None, filename: None. Ignored -  module: None, cls: None, baseclass: TextInput, filename: C:\Users\a.colas\PycharmProjects\heimdal\myapp.kv.
2023-07-17 14:27:37,975 ERROR module 'sys' has no attribute '_MEIPASS'
2023-07-17 14:27:38,016 ERROR module 'sys' has no attribute '_MEIPASS'
2023-07-17 14:27:38,017 INFO Chargement des stats
2023-07-17 14:27:38,072 INFO GL: NPOT texture support is available
2023-07-17 14:27:38,077 ERROR module 'sys' has no attribute '_MEIPASS'
2023-07-17 14:27:38,109 WARNING Deprecated property "<VariableListProperty name=padding_x>" of object "<MyApp.RoundedInput object at 0x000001E576B895F0>" was accessed, it will be removed in a future version
2023-07-17 14:27:38,142 ERROR module 'sys' has no attribute '_MEIPASS'
2023-07-17 14:27:38,262 INFO Chargement de la configuration
2023-07-17 14:27:38,267 INFO Base: Start application main loop
2023-07-17 14:27:42,756 INFO Recupération chemins de session et partage
2023-07-17 14:27:42,757 INFO Chargement des contributeurs
2023-07-17 14:27:42,758 INFO ====== WebDriver manager ======
2023-07-17 14:27:43,701 INFO Get LATEST chromedriver version for google-chrome 114.0.5735
2023-07-17 14:27:44,735 INFO Driver [C:\Users\a.colas\.wdm\drivers\chromedriver\win32\114.0.5735\chromedriver.exe] found in cache
2023-07-17 14:27:46,406 INFO Lancement de la session WhatsApp avec la session renseignée
2023-07-17 14:27:50,774 INFO Lancement de la session
2023-07-17 14:27:50,780 INFO Chargement de la configuration
2023-07-17 14:27:50,781 INFO Chargement de la configuration
2023-07-17 14:27:50,785 ERROR Rapport : max() arg is an empty sequence
2023-07-17 14:27:52,422 INFO Retrieving guest token
2023-07-17 14:27:52,425 INFO Retrieving https://twitter.com/i/web/status/1669643599993098241
2023-07-17 14:27:53,068 INFO Retrieved https://twitter.com/i/web/status/1669643599993098241 (redirected to https://twitter.com/i/flow/login?redirect_after_login=%2Fi%2Fweb%2Fstatus%2F1669643599993098241): 200
2023-07-17 14:27:53,070 INFO Retrieving guest token via API
2023-07-17 14:27:53,074 INFO Retrieving https://api.twitter.com/1.1/guest/activate.json
2023-07-17 14:27:53,367 INFO Retrieved https://api.twitter.com/1.1/guest/activate.json: 200
2023-07-17 14:27:53,370 INFO Retrieving https://twitter.com/i/api/graphql/NNiD2K-nEYUfXlMwGCocMQ/TweetDetail?variables=%7B%22focalTweetId%22%3A%221669643599993098241%22%2C%22with_rux_injections%22%3Afalse%2C%22includePromotedContent%22%3Atrue%2C%22withCommunity%22%3Atrue%2C%22withQuickPromoteEligibilityTweetFields%22%3Atrue%2C%22withBirdwatchNotes%22%3Afalse%2C%22withSuperFollowsUserFields%22%3Atrue%2C%22withDownvotePerspective%22%3Afalse%2C%22withReactionsMetadata%22%3Afalse%2C%22withReactionsPerspective%22%3Afalse%2C%22withSuperFollowsTweetFields%22%3Atrue%2C%22withVoice%22%3Atrue%2C%22withV2Timeline%22%3Atrue%7D&features=%7B%22responsive_web_twitter_blue_verified_badge_is_enabled%22%3Atrue%2C%22responsive_web_graphql_exclude_directive_enabled%22%3Afalse%2C%22verified_phone_label_enabled%22%3Afalse%2C%22responsive_web_graphql_timeline_navigation_enabled%22%3Atrue%2C%22responsive_web_graphql_skip_user_profile_image_extensions_enabled%22%3Afalse%2C%22tweetypie_unmention_optimization_enabled%22%3Atrue%2C%22vibe_api_enabled%22%3Atrue%2C%22responsive_web_edit_tweet_api_enabled%22%3Atrue%2C%22graphql_is_translatable_rweb_tweet_is_translatable_enabled%22%3Atrue%2C%22view_counts_everywhere_api_enabled%22%3Atrue%2C%22longform_notetweets_consumption_enabled%22%3Atrue%2C%22tweet_awards_web_tipping_enabled%22%3Afalse%2C%22freedom_of_speech_not_reach_fetch_enabled%22%3Afalse%2C%22standardized_nudges_misinfo%22%3Atrue%2C%22tweet_with_visibility_results_prefer_gql_limited_actions_policy_enabled%22%3Afalse%2C%22interactive_text_enabled%22%3Atrue%2C%22responsive_web_text_conversations_enabled%22%3Afalse%2C%22responsive_web_enhance_cards_enabled%22%3Afalse%7D
2023-07-17 14:27:53,642 INFO Retrieved https://twitter.com/i/api/graphql/NNiD2K-nEYUfXlMwGCocMQ/TweetDetail?variables=%7B%22focalTweetId%22%3A%221669643599993098241%22%2C%22with_rux_injections%22%3Afalse%2C%22includePromotedContent%22%3Atrue%2C%22withCommunity%22%3Atrue%2C%22withQuickPromoteEligibilityTweetFields%22%3Atrue%2C%22withBirdwatchNotes%22%3Afalse%2C%22withSuperFollowsUserFields%22%3Atrue%2C%22withDownvotePerspective%22%3Afalse%2C%22withReactionsMetadata%22%3Afalse%2C%22withReactionsPerspective%22%3Afalse%2C%22withSuperFollowsTweetFields%22%3Atrue%2C%22withVoice%22%3Atrue%2C%22withV2Timeline%22%3Atrue%7D&features=%7B%22responsive_web_twitter_blue_verified_badge_is_enabled%22%3Atrue%2C%22responsive_web_graphql_exclude_directive_enabled%22%3Afalse%2C%22verified_phone_label_enabled%22%3Afalse%2C%22responsive_web_graphql_timeline_navigation_enabled%22%3Atrue%2C%22responsive_web_graphql_skip_user_profile_image_extensions_enabled%22%3Afalse%2C%22tweetypie_unmention_optimization_enabled%22%3Atrue%2C%22vibe_api_enabled%22%3Atrue%2C%22responsive_web_edit_tweet_api_enabled%22%3Atrue%2C%22graphql_is_translatable_rweb_tweet_is_translatable_enabled%22%3Atrue%2C%22view_counts_everywhere_api_enabled%22%3Atrue%2C%22longform_notetweets_consumption_enabled%22%3Atrue%2C%22tweet_awards_web_tipping_enabled%22%3Afalse%2C%22freedom_of_speech_not_reach_fetch_enabled%22%3Afalse%2C%22standardized_nudges_misinfo%22%3Atrue%2C%22tweet_with_visibility_results_prefer_gql_limited_actions_policy_enabled%22%3Afalse%2C%22interactive_text_enabled%22%3Atrue%2C%22responsive_web_text_conversations_enabled%22%3Afalse%2C%22responsive_web_enhance_cards_enabled%22%3Afalse%7D: 200
2023-07-17 14:27:53,683 INFO Le contact est connu, merci de le retirer de vos contacts.
2023-07-17 14:28:44,779 WARNING Connection pool is full, discarding connection: localhost. Connection pool size: 1
2023-07-17 14:28:44,783 ERROR ListeningForNewMessage : Message: invalid session id
Stacktrace:
Backtrace:
	GetHandleVerifier [0x00C9A813+48355]
	(No symbol) [0x00C2C4B1]
	(No symbol) [0x00B35220]
	(No symbol) [0x00B57C7C]
	(No symbol) [0x00B7A636]
	(No symbol) [0x00B770CD]
	(No symbol) [0x00B76B3A]
	(No symbol) [0x00B15311]
	(No symbol) [0x00B1571E]
	(No symbol) [0x00B15AFA]
	GetHandleVerifier [0x00EFAABD+2539405]
	GetHandleVerifier [0x00F3A78F+2800735]
	GetHandleVerifier [0x00F3456C+2775612]
	GetHandleVerifier [0x00D251E0+616112]
	(No symbol) [0x00C35F8C]
	(No symbol) [0x00B14F64]
	(No symbol) [0x00B14912]
	GetHandleVerifier [0x00F6159C+2959980]
	BaseThreadInitThunk [0x774A00C9+25]
	RtlGetAppContainerNamedObjectPath [0x777F7B1E+286]
	RtlGetAppContainerNamedObjectPath [0x777F7AEE+238]

2023-07-17 14:28:44,785 ERROR ListenNewMessage : Message: invalid session id
Stacktrace:
Backtrace:
	GetHandleVerifier [0x00C9A813+48355]
	(No symbol) [0x00C2C4B1]
	(No symbol) [0x00B35220]
	(No symbol) [0x00B57C7C]
	(No symbol) [0x00B7A636]
	(No symbol) [0x00B770CD]
	(No symbol) [0x00B76B3A]
	(No symbol) [0x00B15311]
	(No symbol) [0x00B1571E]
	(No symbol) [0x00B15AFA]
	GetHandleVerifier [0x00EFAABD+2539405]
	GetHandleVerifier [0x00F3A78F+2800735]
	GetHandleVerifier [0x00F3456C+2775612]
	GetHandleVerifier [0x00D251E0+616112]
	(No symbol) [0x00C35F8C]
	(No symbol) [0x00B14F64]
	(No symbol) [0x00B14912]
	GetHandleVerifier [0x00F6159C+2959980]
	BaseThreadInitThunk [0x774A00C9+25]
	RtlGetAppContainerNamedObjectPath [0x777F7B1E+286]
	RtlGetAppContainerNamedObjectPath [0x777F7AEE+238]

2023-07-17 14:28:44,787 ERROR ListenNewMessage : Message: invalid session id
Stacktrace:
Backtrace:
	GetHandleVerifier [0x00C9A813+48355]
	(No symbol) [0x00C2C4B1]
	(No symbol) [0x00B35220]
	(No symbol) [0x00B57C7C]
	(No symbol) [0x00B7A636]
	(No symbol) [0x00B770CD]
	(No symbol) [0x00B76B3A]
	(No symbol) [0x00B15311]
	(No symbol) [0x00B1571E]
	(No symbol) [0x00B15AFA]
	GetHandleVerifier [0x00EFAABD+2539405]
	GetHandleVerifier [0x00F3A78F+2800735]
	GetHandleVerifier [0x00F3456C+2775612]
	GetHandleVerifier [0x00D251E0+616112]
	(No symbol) [0x00C35F8C]
	(No symbol) [0x00B14F64]
	(No symbol) [0x00B14912]
	GetHandleVerifier [0x00F6159C+2959980]
	BaseThreadInitThunk [0x774A00C9+25]
	RtlGetAppContainerNamedObjectPath [0x777F7B1E+286]
	RtlGetAppContainerNamedObjectPath [0x777F7AEE+238]

2023-07-17 14:28:44,788 ERROR ListenNewMessage : Message: invalid session id
Stacktrace:
Backtrace:
	GetHandleVerifier [0x00C9A813+48355]
	(No symbol) [0x00C2C4B1]
	(No symbol) [0x00B35220]
	(No symbol) [0x00B57C7C]
	(No symbol) [0x00B7A636]
	(No symbol) [0x00B770CD]
	(No symbol) [0x00B76B3A]
	(No symbol) [0x00B15311]
	(No symbol) [0x00B1571E]
	(No symbol) [0x00B15AFA]
	GetHandleVerifier [0x00EFAABD+2539405]
	GetHandleVerifier [0x00F3A78F+2800735]
	GetHandleVerifier [0x00F3456C+2775612]
	GetHandleVerifier [0x00D251E0+616112]
	(No symbol) [0x00C35F8C]
	(No symbol) [0x00B14F64]
	(No symbol) [0x00B14912]
	GetHandleVerifier [0x00F6159C+2959980]
	BaseThreadInitThunk [0x774A00C9+25]
	RtlGetAppContainerNamedObjectPath [0x777F7B1E+286]
	RtlGetAppContainerNamedObjectPath [0x777F7AEE+238]

2023-07-17 14:28:44,789 INFO Chargement de la configuration
2023-07-17 14:28:44,789 ERROR Rapport : max() arg is an empty sequence
2023-07-17 14:28:44,790 ERROR ListenNewMessage session ID : Message: invalid session id
Stacktrace:
Backtrace:
	GetHandleVerifier [0x00C9A813+48355]
	(No symbol) [0x00C2C4B1]
	(No symbol) [0x00B35220]
	(No symbol) [0x00B57C7C]
	(No symbol) [0x00B7A636]
	(No symbol) [0x00B770CD]
	(No symbol) [0x00B76B3A]
	(No symbol) [0x00B15311]
	(No symbol) [0x00B1571E]
	(No symbol) [0x00B15AFA]
	GetHandleVerifier [0x00EFAABD+2539405]
	GetHandleVerifier [0x00F3A78F+2800735]
	GetHandleVerifier [0x00F3456C+2775612]
	GetHandleVerifier [0x00D251E0+616112]
	(No symbol) [0x00C35F8C]
	(No symbol) [0x00B14F64]
	(No symbol) [0x00B14912]
	GetHandleVerifier [0x00F6159C+2959980]
	BaseThreadInitThunk [0x774A00C9+25]
	RtlGetAppContainerNamedObjectPath [0x777F7B1E+286]
	RtlGetAppContainerNamedObjectPath [0x777F7AEE+238]

2023-07-17 14:30:43,141 INFO Recupération chemins de session et partage
2023-07-17 14:30:43,142 INFO Chargement des contributeurs
2023-07-17 14:30:43,143 INFO ====== WebDriver manager ======
2023-07-17 14:30:44,046 INFO Get LATEST chromedriver version for google-chrome 114.0.5735
2023-07-17 14:30:45,039 INFO Driver [C:\Users\a.colas\.wdm\drivers\chromedriver\win32\114.0.5735\chromedriver.exe] found in cache
2023-07-17 14:30:46,631 INFO Lancement de la session WhatsApp avec la session renseignée
2023-07-17 14:30:52,867 INFO Lancement de la session
2023-07-17 14:30:52,868 INFO Chargement de la configuration
2023-07-17 14:30:52,869 INFO Chargement de la configuration
2023-07-17 14:30:52,870 ERROR Rapport : max() arg is an empty sequence
2023-07-17 14:30:54,263 INFO Chargement de la configuration
2023-07-17 14:30:54,263 ERROR Rapport : max() arg is an empty sequence
2023-07-17 14:30:55,352 INFO Chargement de la configuration
2023-07-17 14:30:55,352 ERROR Rapport : max() arg is an empty sequence
2023-07-17 14:30:56,422 INFO Chargement de la configuration
2023-07-17 14:30:56,423 ERROR Rapport : max() arg is an empty sequence
2023-07-17 14:30:57,502 INFO Chargement de la configuration
2023-07-17 14:30:57,502 ERROR Rapport : max() arg is an empty sequence
2023-07-17 14:30:58,582 INFO Chargement de la configuration
2023-07-17 14:30:58,582 ERROR Rapport : max() arg is an empty sequence
2023-07-17 14:30:59,733 INFO Chargement de la configuration
2023-07-17 14:30:59,733 ERROR Rapport : max() arg is an empty sequence
2023-07-17 14:31:00,846 INFO Chargement de la configuration
2023-07-17 14:31:00,846 ERROR Rapport : max() arg is an empty sequence
2023-07-17 14:31:01,919 INFO Chargement de la configuration
2023-07-17 14:31:01,919 ERROR Rapport : max() arg is an empty sequence
2023-07-17 14:31:02,989 INFO Chargement de la configuration
2023-07-17 14:31:02,989 ERROR Rapport : max() arg is an empty sequence
2023-07-17 14:31:04,058 INFO Chargement de la configuration
2023-07-17 14:31:04,058 ERROR Rapport : max() arg is an empty sequence
2023-07-17 14:31:05,121 INFO Chargement de la configuration
2023-07-17 14:31:05,121 ERROR Rapport : max() arg is an empty sequence
2023-07-17 14:31:06,191 INFO Chargement de la configuration
2023-07-17 14:31:06,191 ERROR Rapport : max() arg is an empty sequence
2023-07-17 14:31:07,257 INFO Chargement de la configuration
2023-07-17 14:31:07,257 ERROR Rapport : max() arg is an empty sequence
2023-07-17 14:31:08,326 INFO Chargement de la configuration
2023-07-17 14:31:08,326 ERROR Rapport : max() arg is an empty sequence
2023-07-17 14:31:09,394 INFO Chargement de la configuration
2023-07-17 14:31:09,394 ERROR Rapport : max() arg is an empty sequence
2023-07-17 14:31:10,458 INFO Chargement de la configuration
2023-07-17 14:31:10,458 ERROR Rapport : max() arg is an empty sequence
2023-07-17 14:31:11,524 INFO Chargement de la configuration
2023-07-17 14:31:11,525 ERROR Rapport : max() arg is an empty sequence
2023-07-17 14:31:12,590 INFO Chargement de la configuration
2023-07-17 14:31:12,590 ERROR Rapport : max() arg is an empty sequence
2023-07-17 14:31:13,653 INFO Chargement de la configuration
2023-07-17 14:31:13,653 ERROR Rapport : max() arg is an empty sequence
2023-07-17 14:31:14,717 INFO Chargement de la configuration
2023-07-17 14:31:14,717 ERROR Rapport : max() arg is an empty sequence
2023-07-17 14:31:15,927 INFO Chargement de la configuration
2023-07-17 14:31:15,927 ERROR Rapport : max() arg is an empty sequence
2023-07-17 14:31:17,052 INFO Chargement de la configuration
2023-07-17 14:31:17,052 ERROR Rapport : max() arg is an empty sequence
2023-07-17 14:31:18,132 INFO Chargement de la configuration
2023-07-17 14:31:18,132 ERROR Rapport : max() arg is an empty sequence
2023-07-17 14:31:19,198 INFO Chargement de la configuration
2023-07-17 14:31:19,198 ERROR Rapport : max() arg is an empty sequence
2023-07-17 14:31:20,264 INFO Chargement de la configuration
2023-07-17 14:31:20,264 ERROR Rapport : max() arg is an empty sequence
2023-07-17 14:31:21,330 INFO Chargement de la configuration
2023-07-17 14:31:21,330 ERROR Rapport : max() arg is an empty sequence
2023-07-17 14:31:22,395 INFO Chargement de la configuration
2023-07-17 14:31:22,395 ERROR Rapport : max() arg is an empty sequence
2023-07-17 14:31:23,463 INFO Chargement de la configuration
2023-07-17 14:31:23,463 ERROR Rapport : max() arg is an empty sequence
2023-07-17 14:31:24,530 INFO Chargement de la configuration
2023-07-17 14:31:24,530 ERROR Rapport : max() arg is an empty sequence
2023-07-17 14:31:25,601 INFO Chargement de la configuration
2023-07-17 14:31:25,601 ERROR Rapport : max() arg is an empty sequence
2023-07-17 14:31:26,682 INFO Chargement de la configuration
2023-07-17 14:31:26,683 ERROR Rapport : max() arg is an empty sequence
2023-07-17 14:31:27,756 INFO Chargement de la configuration
2023-07-17 14:31:27,757 ERROR Rapport : max() arg is an empty sequence
2023-07-17 14:31:28,820 INFO Chargement de la configuration
2023-07-17 14:31:28,820 ERROR Rapport : max() arg is an empty sequence
2023-07-17 14:31:29,885 INFO Chargement de la configuration
2023-07-17 14:31:29,885 ERROR Rapport : max() arg is an empty sequence
2023-07-17 14:31:30,950 INFO Chargement de la configuration
2023-07-17 14:31:30,950 ERROR Rapport : max() arg is an empty sequence
2023-07-17 14:31:32,015 INFO Chargement de la configuration
2023-07-17 14:31:32,015 ERROR Rapport : max() arg is an empty sequence
2023-07-17 14:31:33,082 INFO Chargement de la configuration
2023-07-17 14:31:33,082 ERROR Rapport : max() arg is an empty sequence
2023-07-17 14:31:34,151 INFO Chargement de la configuration
2023-07-17 14:31:34,151 ERROR Rapport : max() arg is an empty sequence
2023-07-17 14:31:35,224 INFO Chargement de la configuration
2023-07-17 14:31:35,224 ERROR Rapport : max() arg is an empty sequence
2023-07-17 14:31:36,288 INFO Chargement de la configuration
2023-07-17 14:31:36,289 ERROR Rapport : max() arg is an empty sequence
2023-07-17 14:31:37,355 INFO Chargement de la configuration
2023-07-17 14:31:37,355 ERROR Rapport : max() arg is an empty sequence
2023-07-17 14:31:38,424 INFO Chargement de la configuration
2023-07-17 14:31:38,425 ERROR Rapport : max() arg is an empty sequence
2023-07-17 14:31:39,496 INFO Chargement de la configuration
2023-07-17 14:31:39,496 ERROR Rapport : max() arg is an empty sequence
2023-07-17 14:31:40,564 INFO Chargement de la configuration
2023-07-17 14:31:40,565 ERROR Rapport : max() arg is an empty sequence
2023-07-17 14:31:41,638 INFO Chargement de la configuration
2023-07-17 14:31:41,638 ERROR Rapport : max() arg is an empty sequence
2023-07-17 14:31:42,709 INFO Chargement de la configuration
2023-07-17 14:31:42,709 ERROR Rapport : max() arg is an empty sequence
2023-07-17 14:31:43,778 INFO Chargement de la configuration
2023-07-17 14:31:43,778 ERROR Rapport : max() arg is an empty sequence
2023-07-17 14:31:44,848 INFO Chargement de la configuration
2023-07-17 14:31:44,848 ERROR Rapport : max() arg is an empty sequence
2023-07-17 14:31:45,916 INFO Chargement de la configuration
2023-07-17 14:31:45,916 ERROR Rapport : max() arg is an empty sequence
2023-07-17 14:31:46,982 INFO Chargement de la configuration
2023-07-17 14:31:46,982 ERROR Rapport : max() arg is an empty sequence
2023-07-17 14:31:48,052 INFO Chargement de la configuration
2023-07-17 14:31:48,052 ERROR Rapport : max() arg is an empty sequence
2023-07-17 14:31:49,122 INFO Chargement de la configuration
2023-07-17 14:31:49,122 ERROR Rapport : max() arg is an empty sequence
2023-07-17 14:31:50,188 INFO Chargement de la configuration
2023-07-17 14:31:50,189 ERROR Rapport : max() arg is an empty sequence
2023-07-17 14:31:51,254 INFO Chargement de la configuration
2023-07-17 14:31:51,255 ERROR Rapport : max() arg is an empty sequence
2023-07-17 14:31:52,328 INFO Chargement de la configuration
2023-07-17 14:31:52,328 ERROR Rapport : max() arg is an empty sequence
2023-07-17 14:31:53,434 INFO Chargement de la configuration
2023-07-17 14:31:53,434 ERROR Rapport : max() arg is an empty sequence
2023-07-17 14:31:54,505 INFO Chargement de la configuration
2023-07-17 14:31:54,505 ERROR Rapport : max() arg is an empty sequence
2023-07-17 14:31:55,574 INFO Chargement de la configuration
2023-07-17 14:31:55,574 ERROR Rapport : max() arg is an empty sequence
2023-07-17 14:31:56,640 INFO Chargement de la configuration
2023-07-17 14:31:56,640 ERROR Rapport : max() arg is an empty sequence
2023-07-17 14:31:57,707 INFO Chargement de la configuration
2023-07-17 14:31:57,707 ERROR Rapport : max() arg is an empty sequence
2023-07-17 14:31:58,776 INFO Chargement de la configuration
2023-07-17 14:31:58,776 ERROR Rapport : max() arg is an empty sequence
2023-07-17 14:31:59,845 INFO Chargement de la configuration
2023-07-17 14:31:59,845 ERROR Rapport : max() arg is an empty sequence
2023-07-17 14:32:00,914 INFO Chargement de la configuration
2023-07-17 14:32:00,914 ERROR Rapport : max() arg is an empty sequence
2023-07-17 14:32:01,982 INFO Chargement de la configuration
2023-07-17 14:32:01,983 ERROR Rapport : max() arg is an empty sequence
2023-07-17 14:32:03,052 INFO Chargement de la configuration
2023-07-17 14:32:03,052 ERROR Rapport : max() arg is an empty sequence
2023-07-17 14:32:04,120 INFO Chargement de la configuration
2023-07-17 14:32:04,120 ERROR Rapport : max() arg is an empty sequence
2023-07-17 14:32:05,186 INFO Chargement de la configuration
2023-07-17 14:32:05,186 ERROR Rapport : max() arg is an empty sequence
2023-07-17 14:32:06,254 INFO Chargement de la configuration
2023-07-17 14:32:06,254 ERROR Rapport : max() arg is an empty sequence
2023-07-17 14:32:07,322 INFO Chargement de la configuration
2023-07-17 14:32:07,322 ERROR Rapport : max() arg is an empty sequence
2023-07-17 14:32:08,390 INFO Chargement de la configuration
2023-07-17 14:32:08,390 ERROR Rapport : max() arg is an empty sequence
2023-07-17 14:32:09,456 INFO Chargement de la configuration
2023-07-17 14:32:09,456 ERROR Rapport : max() arg is an empty sequence
2023-07-17 14:32:10,523 INFO Chargement de la configuration
2023-07-17 14:32:10,523 ERROR Rapport : max() arg is an empty sequence
2023-07-17 14:32:11,593 INFO Chargement de la configuration
2023-07-17 14:32:11,593 ERROR Rapport : max() arg is an empty sequence
2023-07-17 14:32:12,659 INFO Chargement de la configuration
2023-07-17 14:32:12,659 ERROR Rapport : max() arg is an empty sequence
2023-07-17 14:32:14,556 INFO Retrieving https://twitter.com/i/api/graphql/NNiD2K-nEYUfXlMwGCocMQ/TweetDetail?variables=%7B%22focalTweetId%22%3A%221669643599993098241%22%2C%22with_rux_injections%22%3Afalse%2C%22includePromotedContent%22%3Atrue%2C%22withCommunity%22%3Atrue%2C%22withQuickPromoteEligibilityTweetFields%22%3Atrue%2C%22withBirdwatchNotes%22%3Afalse%2C%22withSuperFollowsUserFields%22%3Atrue%2C%22withDownvotePerspective%22%3Afalse%2C%22withReactionsMetadata%22%3Afalse%2C%22withReactionsPerspective%22%3Afalse%2C%22withSuperFollowsTweetFields%22%3Atrue%2C%22withVoice%22%3Atrue%2C%22withV2Timeline%22%3Atrue%7D&features=%7B%22responsive_web_twitter_blue_verified_badge_is_enabled%22%3Atrue%2C%22responsive_web_graphql_exclude_directive_enabled%22%3Afalse%2C%22verified_phone_label_enabled%22%3Afalse%2C%22responsive_web_graphql_timeline_navigation_enabled%22%3Atrue%2C%22responsive_web_graphql_skip_user_profile_image_extensions_enabled%22%3Afalse%2C%22tweetypie_unmention_optimization_enabled%22%3Atrue%2C%22vibe_api_enabled%22%3Atrue%2C%22responsive_web_edit_tweet_api_enabled%22%3Atrue%2C%22graphql_is_translatable_rweb_tweet_is_translatable_enabled%22%3Atrue%2C%22view_counts_everywhere_api_enabled%22%3Atrue%2C%22longform_notetweets_consumption_enabled%22%3Atrue%2C%22tweet_awards_web_tipping_enabled%22%3Afalse%2C%22freedom_of_speech_not_reach_fetch_enabled%22%3Afalse%2C%22standardized_nudges_misinfo%22%3Atrue%2C%22tweet_with_visibility_results_prefer_gql_limited_actions_policy_enabled%22%3Afalse%2C%22interactive_text_enabled%22%3Atrue%2C%22responsive_web_text_conversations_enabled%22%3Afalse%2C%22responsive_web_enhance_cards_enabled%22%3Afalse%7D
2023-07-17 14:32:14,912 INFO Retrieved https://twitter.com/i/api/graphql/NNiD2K-nEYUfXlMwGCocMQ/TweetDetail?variables=%7B%22focalTweetId%22%3A%221669643599993098241%22%2C%22with_rux_injections%22%3Afalse%2C%22includePromotedContent%22%3Atrue%2C%22withCommunity%22%3Atrue%2C%22withQuickPromoteEligibilityTweetFields%22%3Atrue%2C%22withBirdwatchNotes%22%3Afalse%2C%22withSuperFollowsUserFields%22%3Atrue%2C%22withDownvotePerspective%22%3Afalse%2C%22withReactionsMetadata%22%3Afalse%2C%22withReactionsPerspective%22%3Afalse%2C%22withSuperFollowsTweetFields%22%3Atrue%2C%22withVoice%22%3Atrue%2C%22withV2Timeline%22%3Atrue%7D&features=%7B%22responsive_web_twitter_blue_verified_badge_is_enabled%22%3Atrue%2C%22responsive_web_graphql_exclude_directive_enabled%22%3Afalse%2C%22verified_phone_label_enabled%22%3Afalse%2C%22responsive_web_graphql_timeline_navigation_enabled%22%3Atrue%2C%22responsive_web_graphql_skip_user_profile_image_extensions_enabled%22%3Afalse%2C%22tweetypie_unmention_optimization_enabled%22%3Atrue%2C%22vibe_api_enabled%22%3Atrue%2C%22responsive_web_edit_tweet_api_enabled%22%3Atrue%2C%22graphql_is_translatable_rweb_tweet_is_translatable_enabled%22%3Atrue%2C%22view_counts_everywhere_api_enabled%22%3Atrue%2C%22longform_notetweets_consumption_enabled%22%3Atrue%2C%22tweet_awards_web_tipping_enabled%22%3Afalse%2C%22freedom_of_speech_not_reach_fetch_enabled%22%3Afalse%2C%22standardized_nudges_misinfo%22%3Atrue%2C%22tweet_with_visibility_results_prefer_gql_limited_actions_policy_enabled%22%3Afalse%2C%22interactive_text_enabled%22%3Atrue%2C%22responsive_web_text_conversations_enabled%22%3Afalse%2C%22responsive_web_enhance_cards_enabled%22%3Afalse%7D: 200
2023-07-17 14:32:14,923 INFO Le contact est connu, merci de le retirer de vos contacts.
2023-07-17 15:55:24,557 ERROR ListenNewMessage : Message: no such window: target window already closed
from unknown error: web view not found
  (Session info: chrome=114.0.5735.199)
Stacktrace:
Backtrace:
	GetHandleVerifier [0x00C9A813+48355]
	(No symbol) [0x00C2C4B1]
	(No symbol) [0x00B35358]
	(No symbol) [0x00B1D293]
	(No symbol) [0x00B7E37B]
	(No symbol) [0x00B8C473]
	(No symbol) [0x00B7A536]
	(No symbol) [0x00B582DC]
	(No symbol) [0x00B593DD]
	GetHandleVerifier [0x00EFAABD+2539405]
	GetHandleVerifier [0x00F3A78F+2800735]
	GetHandleVerifier [0x00F3456C+2775612]
	GetHandleVerifier [0x00D251E0+616112]
	(No symbol) [0x00C35F8C]
	(No symbol) [0x00C32328]
	(No symbol) [0x00C3240B]
	(No symbol) [0x00C24FF7]
	BaseThreadInitThunk [0x774A00C9+25]
	RtlGetAppContainerNamedObjectPath [0x777F7B1E+286]
	RtlGetAppContainerNamedObjectPath [0x777F7AEE+238]

2023-07-17 15:55:24,559 ERROR ListenNewMessage : Message: no such window: target window already closed
from unknown error: web view not found
  (Session info: chrome=114.0.5735.199)
Stacktrace:
Backtrace:
	GetHandleVerifier [0x00C9A813+48355]
	(No symbol) [0x00C2C4B1]
	(No symbol) [0x00B35358]
	(No symbol) [0x00B1D293]
	(No symbol) [0x00B7E37B]
	(No symbol) [0x00B8C473]
	(No symbol) [0x00B7A536]
	(No symbol) [0x00B582DC]
	(No symbol) [0x00B593DD]
	GetHandleVerifier [0x00EFAABD+2539405]
	GetHandleVerifier [0x00F3A78F+2800735]
	GetHandleVerifier [0x00F3456C+2775612]
	GetHandleVerifier [0x00D251E0+616112]
	(No symbol) [0x00C35F8C]
	(No symbol) [0x00C32328]
	(No symbol) [0x00C3240B]
	(No symbol) [0x00C24FF7]
	BaseThreadInitThunk [0x774A00C9+25]
	RtlGetAppContainerNamedObjectPath [0x777F7B1E+286]
	RtlGetAppContainerNamedObjectPath [0x777F7AEE+238]

2023-07-17 15:55:24,562 ERROR ListenNewMessage : Message: no such window: target window already closed
from unknown error: web view not found
  (Session info: chrome=114.0.5735.199)
Stacktrace:
Backtrace:
	GetHandleVerifier [0x00C9A813+48355]
	(No symbol) [0x00C2C4B1]
	(No symbol) [0x00B35358]
	(No symbol) [0x00B1D293]
	(No symbol) [0x00B7E37B]
	(No symbol) [0x00B8C473]
	(No symbol) [0x00B7A536]
	(No symbol) [0x00B582DC]
	(No symbol) [0x00B593DD]
	GetHandleVerifier [0x00EFAABD+2539405]
	GetHandleVerifier [0x00F3A78F+2800735]
	GetHandleVerifier [0x00F3456C+2775612]
	GetHandleVerifier [0x00D251E0+616112]
	(No symbol) [0x00C35F8C]
	(No symbol) [0x00C32328]
	(No symbol) [0x00C3240B]
	(No symbol) [0x00C24FF7]
	BaseThreadInitThunk [0x774A00C9+25]
	RtlGetAppContainerNamedObjectPath [0x777F7B1E+286]
	RtlGetAppContainerNamedObjectPath [0x777F7AEE+238]

2023-07-17 15:55:24,566 INFO Chargement de la configuration
2023-07-17 15:55:24,567 ERROR Rapport : max() arg is an empty sequence
2023-07-17 15:55:24,571 WARNING stderr: Exception in thread listen:
2023-07-17 15:55:24,572 WARNING stderr: Traceback (most recent call last):
2023-07-17 15:55:24,572 WARNING stderr:   File "C:\Users\a.colas\AppData\Local\Programs\Python\Python39\lib\threading.py", line 980, in _bootstrap_inner
2023-07-17 15:55:24,575 WARNING stderr:     self.run()
2023-07-17 15:55:24,575 WARNING stderr:   File "C:\Users\a.colas\AppData\Local\Programs\Python\Python39\lib\threading.py", line 917, in run
2023-07-17 15:55:24,576 WARNING stderr:     self._target(*self._args, **self._kwargs)
2023-07-17 15:55:24,576 WARNING stderr:   File "C:\Users\a.colas\PycharmProjects\heimdal\whatsapp.py", line 279, in listenNewMessage
2023-07-17 15:55:24,578 WARNING stderr:     divContainer = self.browser.find_element(*WhatsAppElements.conversationDiv)
2023-07-17 15:55:24,578 WARNING stderr:   File "C:\Users\a.colas\PycharmProjects\heimdal\venv\lib\site-packages\selenium\webdriver\remote\webdriver.py", line 831, in find_element
2023-07-17 15:55:24,581 WARNING stderr:     return self.execute(Command.FIND_ELEMENT, {"using": by, "value": value})["value"]
2023-07-17 15:55:24,581 WARNING stderr:   File "C:\Users\a.colas\PycharmProjects\heimdal\venv\lib\site-packages\selenium\webdriver\remote\webdriver.py", line 440, in execute
2023-07-17 15:55:24,582 WARNING stderr:     self.error_handler.check_response(response)
2023-07-17 15:55:24,582 WARNING stderr:   File "C:\Users\a.colas\PycharmProjects\heimdal\venv\lib\site-packages\selenium\webdriver\remote\errorhandler.py", line 245, in check_response
2023-07-17 15:55:24,583 WARNING stderr:     raise exception_class(message, screen, stacktrace)
2023-07-17 15:55:24,583 WARNING stderr: selenium.common.exceptions.NoSuchWindowException: Message: no such window: target window already closed
2023-07-17 15:55:24,583 WARNING stderr: from unknown error: web view not found
2023-07-17 15:55:24,584 WARNING stderr:   (Session info: chrome=114.0.5735.199)
2023-07-17 15:55:24,584 WARNING stderr: Stacktrace:
2023-07-17 15:55:24,584 WARNING stderr: Backtrace:
2023-07-17 15:55:24,584 WARNING stderr: 	GetHandleVerifier [0x00C9A813+48355]
2023-07-17 15:55:24,584 WARNING stderr: 	(No symbol) [0x00C2C4B1]
2023-07-17 15:55:24,584 WARNING stderr: 	(No symbol) [0x00B35358]
2023-07-17 15:55:24,584 WARNING stderr: 	(No symbol) [0x00B1D293]
2023-07-17 15:55:24,584 WARNING stderr: 	(No symbol) [0x00B7E37B]
2023-07-17 15:55:24,584 WARNING stderr: 	(No symbol) [0x00B8C473]
2023-07-17 15:55:24,584 WARNING stderr: 	(No symbol) [0x00B7A536]
2023-07-17 15:55:24,584 WARNING stderr: 	(No symbol) [0x00B582DC]
2023-07-17 15:55:24,584 WARNING stderr: 	(No symbol) [0x00B593DD]
2023-07-17 15:55:24,584 WARNING stderr: 	GetHandleVerifier [0x00EFAABD+2539405]
2023-07-17 15:55:24,584 WARNING stderr: 	GetHandleVerifier [0x00F3A78F+2800735]
2023-07-17 15:55:24,584 WARNING stderr: 	GetHandleVerifier [0x00F3456C+2775612]
2023-07-17 15:55:24,584 WARNING stderr: 	GetHandleVerifier [0x00D251E0+616112]
2023-07-17 15:55:24,585 WARNING stderr: 	(No symbol) [0x00C35F8C]
2023-07-17 15:55:24,585 WARNING stderr: 	(No symbol) [0x00C32328]
2023-07-17 15:55:24,585 WARNING stderr: 	(No symbol) [0x00C3240B]
2023-07-17 15:55:24,585 WARNING stderr: 	(No symbol) [0x00C24FF7]
2023-07-17 15:55:24,585 WARNING stderr: 	BaseThreadInitThunk [0x774A00C9+25]
2023-07-17 15:55:24,585 WARNING stderr: 	RtlGetAppContainerNamedObjectPath [0x777F7B1E+286]
2023-07-17 15:55:24,585 WARNING stderr: 	RtlGetAppContainerNamedObjectPath [0x777F7AEE+238]
2023-07-17 15:55:24,585 WARNING stderr: 
2023-07-17 16:35:00,635 INFO Base: Leaving application in progress...
2023-07-17 16:35:00,642 WARNING stderr: Traceback (most recent call last):
2023-07-17 16:35:00,642 WARNING stderr:   File "C:\Users\a.colas\PycharmProjects\heimdal\MyApp.py", line 554, in <module>
2023-07-17 16:35:00,644 WARNING stderr:     MyApp().run()
2023-07-17 16:35:00,644 WARNING stderr:   File "C:\Users\a.colas\PycharmProjects\heimdal\venv\lib\site-packages\kivy\app.py", line 955, in run
2023-07-17 16:35:00,650 WARNING stderr:     runTouchApp()
2023-07-17 16:35:00,651 WARNING stderr:   File "C:\Users\a.colas\PycharmProjects\heimdal\venv\lib\site-packages\kivy\base.py", line 574, in runTouchApp
2023-07-17 16:35:00,656 WARNING stderr:     EventLoop.mainloop()
2023-07-17 16:35:00,656 WARNING stderr:   File "C:\Users\a.colas\PycharmProjects\heimdal\venv\lib\site-packages\kivy\base.py", line 339, in mainloop
2023-07-17 16:35:00,656 WARNING stderr:     self.idle()
2023-07-17 16:35:00,656 WARNING stderr:   File "C:\Users\a.colas\PycharmProjects\heimdal\venv\lib\site-packages\kivy\base.py", line 383, in idle
2023-07-17 16:35:00,657 WARNING stderr:     self.dispatch_input()
2023-07-17 16:35:00,657 WARNING stderr:   File "C:\Users\a.colas\PycharmProjects\heimdal\venv\lib\site-packages\kivy\base.py", line 334, in dispatch_input
2023-07-17 16:35:00,657 WARNING stderr:     post_dispatch_input(*pop(0))
2023-07-17 16:35:00,657 WARNING stderr:   File "C:\Users\a.colas\PycharmProjects\heimdal\venv\lib\site-packages\kivy\base.py", line 302, in post_dispatch_input
2023-07-17 16:35:00,658 WARNING stderr:     wid.dispatch('on_touch_up', me)
2023-07-17 16:35:00,658 WARNING stderr:   File "kivy\_event.pyx", line 731, in kivy._event.EventDispatcher.dispatch
2023-07-17 16:35:00,659 WARNING stderr:   File "C:\Users\a.colas\PycharmProjects\heimdal\venv\lib\site-packages\kivy\uix\behaviors\button.py", line 179, in on_touch_up
2023-07-17 16:35:00,663 WARNING stderr:     self.dispatch('on_release')
2023-07-17 16:35:00,663 WARNING stderr:   File "kivy\_event.pyx", line 727, in kivy._event.EventDispatcher.dispatch
2023-07-17 16:35:00,664 WARNING stderr:   File "kivy\_event.pyx", line 1307, in kivy._event.EventObservers.dispatch
2023-07-17 16:35:00,665 WARNING stderr:   File "kivy\_event.pyx", line 1191, in kivy._event.EventObservers._dispatch
2023-07-17 16:35:00,666 WARNING stderr:   File "C:\Users\a.colas\PycharmProjects\heimdal\venv\lib\site-packages\kivy\lang\builder.py", line 55, in custom_callback
2023-07-17 16:35:00,670 WARNING stderr:     exec(__kvlang__.co_value, idmap)
2023-07-17 16:35:00,671 WARNING stderr:   File "C:\Users\a.colas\PycharmProjects\heimdal\myapp.kv", line 71, in <module>
2023-07-17 16:35:00,674 WARNING stderr:     on_release: root.stopWhatsAppSession()
2023-07-17 16:35:00,675 WARNING stderr:   File "C:\Users\a.colas\PycharmProjects\heimdal\MyApp.py", line 101, in stopWhatsAppSession
2023-07-17 16:35:00,675 WARNING stderr:     self.session.browser.close()
2023-07-17 16:35:00,675 WARNING stderr:   File "C:\Users\a.colas\PycharmProjects\heimdal\venv\lib\site-packages\selenium\webdriver\remote\webdriver.py", line 551, in close
2023-07-17 16:35:00,679 WARNING stderr:     self.execute(Command.CLOSE)
2023-07-17 16:35:00,679 WARNING stderr:   File "C:\Users\a.colas\PycharmProjects\heimdal\venv\lib\site-packages\selenium\webdriver\remote\webdriver.py", line 440, in execute
2023-07-17 16:35:00,679 WARNING stderr:     self.error_handler.check_response(response)
2023-07-17 16:35:00,679 WARNING stderr:   File "C:\Users\a.colas\PycharmProjects\heimdal\venv\lib\site-packages\selenium\webdriver\remote\errorhandler.py", line 245, in check_response
2023-07-17 16:35:00,683 WARNING stderr:     raise exception_class(message, screen, stacktrace)
2023-07-17 16:35:00,683 WARNING stderr: selenium.common.exceptions.WebDriverException: Message: disconnected: not connected to DevTools
2023-07-17 16:35:00,683 WARNING stderr:   (failed to check if window was closed: disconnected: not connected to DevTools)
2023-07-17 16:35:00,683 WARNING stderr:   (Session info: chrome=114.0.5735.199)
2023-07-17 16:35:00,683 WARNING stderr: Stacktrace:
2023-07-17 16:35:00,683 WARNING stderr: Backtrace:
2023-07-17 16:35:00,683 WARNING stderr: 	GetHandleVerifier [0x00C9A813+48355]
2023-07-17 16:35:00,683 WARNING stderr: 	(No symbol) [0x00C2C4B1]
2023-07-17 16:35:00,683 WARNING stderr: 	(No symbol) [0x00B35358]
2023-07-17 16:35:00,683 WARNING stderr: 	(No symbol) [0x00B270EB]
2023-07-17 16:35:00,683 WARNING stderr: 	(No symbol) [0x00B277AA]
2023-07-17 16:35:00,683 WARNING stderr: 	(No symbol) [0x00B27748]
2023-07-17 16:35:00,684 WARNING stderr: 	(No symbol) [0x00B1C2AA]
2023-07-17 16:35:00,684 WARNING stderr: 	(No symbol) [0x00B1CB1D]
2023-07-17 16:35:00,684 WARNING stderr: 	(No symbol) [0x00B827B8]
2023-07-17 16:35:00,684 WARNING stderr: 	(No symbol) [0x00B7A703]
2023-07-17 16:35:00,684 WARNING stderr: 	(No symbol) [0x00B582DC]
2023-07-17 16:35:00,684 WARNING stderr: 	(No symbol) [0x00B593DD]
2023-07-17 16:35:00,684 WARNING stderr: 	GetHandleVerifier [0x00EFAABD+2539405]
2023-07-17 16:35:00,684 WARNING stderr: 	GetHandleVerifier [0x00F3A78F+2800735]
2023-07-17 16:35:00,684 WARNING stderr: 	GetHandleVerifier [0x00F3456C+2775612]
2023-07-17 16:35:00,684 WARNING stderr: 	GetHandleVerifier [0x00D251E0+616112]
2023-07-17 16:35:00,684 WARNING stderr: 	(No symbol) [0x00C35F8C]
2023-07-17 16:35:00,684 WARNING stderr: 	(No symbol) [0x00C32328]
2023-07-17 16:35:00,684 WARNING stderr: 	(No symbol) [0x00C3240B]
2023-07-17 16:35:00,684 WARNING stderr: 	(No symbol) [0x00C24FF7]
2023-07-17 16:35:00,684 WARNING stderr: 	BaseThreadInitThunk [0x774A00C9+25]
2023-07-17 16:35:00,684 WARNING stderr: 	RtlGetAppContainerNamedObjectPath [0x777F7B1E+286]
2023-07-17 16:35:00,685 WARNING stderr: 	RtlGetAppContainerNamedObjectPath [0x777F7AEE+238]
2023-07-17 16:35:00,685 WARNING stderr: 
