2023-08-03 14:14:19,633 INFO deps: Successfully imported "kivy_deps.angle" 0.3.3
2023-08-03 14:14:19,634 INFO deps: Successfully imported "kivy_deps.glew" 0.3.1
2023-08-03 14:14:19,634 INFO deps: Successfully imported "kivy_deps.sdl2" 0.6.0
2023-08-03 14:14:19,634 INFO Kivy: v2.1.0
2023-08-03 14:14:19,634 INFO Kivy: Installed at "C:\Users\a.colas\PycharmProjects\heimdal\venv\lib\site-packages\kivy\__init__.py"
2023-08-03 14:14:19,634 INFO Python: v3.9.13 (tags/v3.9.13:6de2ca5, May 17 2022, 16:36:42) [MSC v.1929 64 bit (AMD64)]
2023-08-03 14:14:19,635 INFO Python: Interpreter at "C:\Users\a.colas\PycharmProjects\heimdal\venv\Scripts\python.exe"
2023-08-03 14:14:19,769 INFO Factory: 189 symbols loaded
2023-08-03 14:14:19,856 INFO Image: Providers: img_tex, img_dds, img_sdl2, img_pil (img_ffpyplayer ignored)
2023-08-03 14:14:19,988 INFO KivyMD: 1.1.1, git-Unknown, 2023-04-03 (installed at "C:\Users\a.colas\PycharmProjects\heimdal\venv\lib\site-packages\kivymd\__init__.py")
2023-08-03 14:14:20,004 INFO Text: Provider: sdl2
2023-08-03 14:14:20,088 INFO Window: Provider: sdl2
2023-08-03 14:14:20,477 INFO GL: Using the "OpenGL" graphics system
2023-08-03 14:14:20,496 INFO GL: GLEW initialization succeeded
2023-08-03 14:14:20,497 INFO GL: Backend used <glew>
2023-08-03 14:14:20,497 INFO GL: OpenGL version <b'4.6.0 Compatibility Profile Context 22.20.42.09.221129'>
2023-08-03 14:14:20,497 INFO GL: OpenGL vendor <b'ATI Technologies Inc.'>
2023-08-03 14:14:20,497 INFO GL: OpenGL renderer <b'AMD Radeon(TM) Vega 3 Graphics'>
2023-08-03 14:14:20,497 INFO GL: OpenGL parsed version: 4, 6
2023-08-03 14:14:20,498 INFO GL: Shading version <b'4.60'>
2023-08-03 14:14:20,498 INFO GL: Texture max size <16384>
2023-08-03 14:14:20,498 INFO GL: Texture max units <32>
2023-08-03 14:14:20,533 INFO Window: auto add sdl2 input provider
2023-08-03 14:14:20,535 INFO Window: virtual keyboard not allowed, single mode, not docked
2023-08-03 14:14:22,677 INFO Lancement de l'application
2023-08-03 14:14:22,706 WARNING Factory: Ignored class "CustomTextInput" re-declaration. Current -  module: None, cls: <class 'MyApp.CustomTextInput'>, baseclass: None, filename: None. Ignored -  module: None, cls: None, baseclass: TextInput, filename: C:\Users\a.colas\PycharmProjects\heimdal\myapp.kv.
2023-08-03 14:14:22,707 WARNING Factory: Ignored class "RoundedInput" re-declaration. Current -  module: None, cls: <class 'MyApp.RoundedInput'>, baseclass: None, filename: None. Ignored -  module: None, cls: None, baseclass: TextInput, filename: C:\Users\a.colas\PycharmProjects\heimdal\myapp.kv.
2023-08-03 14:14:22,707 ERROR module 'sys' has no attribute '_MEIPASS'
2023-08-03 14:14:22,756 ERROR module 'sys' has no attribute '_MEIPASS'
2023-08-03 14:14:22,757 INFO Chargement des stats
2023-08-03 14:14:22,808 INFO GL: NPOT texture support is available
2023-08-03 14:14:22,813 ERROR module 'sys' has no attribute '_MEIPASS'
2023-08-03 14:14:22,862 WARNING Deprecated property "<VariableListProperty name=padding_x>" of object "<MyApp.RoundedInput object at 0x00000145C7E9C740>" was accessed, it will be removed in a future version
2023-08-03 14:14:22,897 ERROR module 'sys' has no attribute '_MEIPASS'
2023-08-03 14:14:23,019 INFO Chargement de la configuration
2023-08-03 14:14:23,026 INFO Base: Start application main loop
2023-08-03 14:14:24,211 INFO Recupération chemins de session et partage
2023-08-03 14:14:24,212 INFO Chargement des contributeurs
2023-08-03 14:14:30,966 INFO Lancement de la session WhatsApp avec la session renseignée
2023-08-03 14:14:43,316 INFO Base: Leaving application in progress...
2023-08-03 14:14:43,318 WARNING stderr: Traceback (most recent call last):
2023-08-03 14:14:43,318 WARNING stderr:   File "C:\Users\a.colas\PycharmProjects\heimdal\MyApp.py", line 554, in <module>
2023-08-03 14:14:43,320 WARNING stderr:     MyApp().run()
2023-08-03 14:14:43,320 WARNING stderr:   File "C:\Users\a.colas\PycharmProjects\heimdal\venv\lib\site-packages\kivy\app.py", line 955, in run
2023-08-03 14:14:43,325 WARNING stderr:     runTouchApp()
2023-08-03 14:14:43,326 WARNING stderr:   File "C:\Users\a.colas\PycharmProjects\heimdal\venv\lib\site-packages\kivy\base.py", line 574, in runTouchApp
2023-08-03 14:14:43,329 WARNING stderr:     EventLoop.mainloop()
2023-08-03 14:14:43,329 WARNING stderr:   File "C:\Users\a.colas\PycharmProjects\heimdal\venv\lib\site-packages\kivy\base.py", line 339, in mainloop
2023-08-03 14:14:43,330 WARNING stderr:     self.idle()
2023-08-03 14:14:43,330 WARNING stderr:   File "C:\Users\a.colas\PycharmProjects\heimdal\venv\lib\site-packages\kivy\base.py", line 383, in idle
2023-08-03 14:14:43,330 WARNING stderr:     self.dispatch_input()
2023-08-03 14:14:43,331 WARNING stderr:   File "C:\Users\a.colas\PycharmProjects\heimdal\venv\lib\site-packages\kivy\base.py", line 334, in dispatch_input
2023-08-03 14:14:43,331 WARNING stderr:     post_dispatch_input(*pop(0))
2023-08-03 14:14:43,331 WARNING stderr:   File "C:\Users\a.colas\PycharmProjects\heimdal\venv\lib\site-packages\kivy\base.py", line 302, in post_dispatch_input
2023-08-03 14:14:43,331 WARNING stderr:     wid.dispatch('on_touch_up', me)
2023-08-03 14:14:43,331 WARNING stderr:   File "kivy\_event.pyx", line 731, in kivy._event.EventDispatcher.dispatch
2023-08-03 14:14:43,333 WARNING stderr:   File "C:\Users\a.colas\PycharmProjects\heimdal\venv\lib\site-packages\kivy\uix\behaviors\button.py", line 179, in on_touch_up
2023-08-03 14:14:43,337 WARNING stderr:     self.dispatch('on_release')
2023-08-03 14:14:43,337 WARNING stderr:   File "kivy\_event.pyx", line 727, in kivy._event.EventDispatcher.dispatch
2023-08-03 14:14:43,338 WARNING stderr:   File "kivy\_event.pyx", line 1307, in kivy._event.EventObservers.dispatch
2023-08-03 14:14:43,339 WARNING stderr:   File "kivy\_event.pyx", line 1191, in kivy._event.EventObservers._dispatch
2023-08-03 14:14:43,340 WARNING stderr:   File "C:\Users\a.colas\PycharmProjects\heimdal\venv\lib\site-packages\kivy\lang\builder.py", line 55, in custom_callback
2023-08-03 14:14:43,344 WARNING stderr:     exec(__kvlang__.co_value, idmap)
2023-08-03 14:14:43,344 WARNING stderr:   File "C:\Users\a.colas\PycharmProjects\heimdal\myapp.kv", line 62, in <module>
2023-08-03 14:14:43,344 WARNING stderr:     on_release: root.listeningWhatsAppSession()
2023-08-03 14:14:43,345 WARNING stderr:   File "C:\Users\a.colas\PycharmProjects\heimdal\MyApp.py", line 140, in listeningWhatsAppSession
2023-08-03 14:14:43,345 WARNING stderr:     self.session = WhatsApp(wait=999999, session=session, screen=self)
2023-08-03 14:14:43,345 WARNING stderr:   File "C:\Users\a.colas\PycharmProjects\heimdal\whatsapp.py", line 196, in __init__
2023-08-03 14:14:43,345 WARNING stderr:     self.goToHomePage()
2023-08-03 14:14:43,345 WARNING stderr:   File "C:\Users\a.colas\PycharmProjects\heimdal\whatsapp.py", line 127, in goToHomePage
2023-08-03 14:14:43,346 WARNING stderr:     WebDriverWait(self.browser, self.timeout).until(EC.presence_of_element_located(WhatsAppElements.search))
2023-08-03 14:14:43,346 WARNING stderr:   File "C:\Users\a.colas\PycharmProjects\heimdal\venv\lib\site-packages\selenium\webdriver\support\wait.py", line 86, in until
2023-08-03 14:14:43,350 WARNING stderr:     value = method(self._driver)
2023-08-03 14:14:43,350 WARNING stderr:   File "C:\Users\a.colas\PycharmProjects\heimdal\venv\lib\site-packages\selenium\webdriver\support\expected_conditions.py", line 69, in _predicate
2023-08-03 14:14:43,354 WARNING stderr:     return driver.find_element(*locator)
2023-08-03 14:14:43,354 WARNING stderr:   File "C:\Users\a.colas\PycharmProjects\heimdal\venv\lib\site-packages\selenium\webdriver\remote\webdriver.py", line 831, in find_element
2023-08-03 14:14:43,357 WARNING stderr:     return self.execute(Command.FIND_ELEMENT, {"using": by, "value": value})["value"]
2023-08-03 14:14:43,358 WARNING stderr:   File "C:\Users\a.colas\PycharmProjects\heimdal\venv\lib\site-packages\selenium\webdriver\remote\webdriver.py", line 440, in execute
2023-08-03 14:14:43,358 WARNING stderr:     self.error_handler.check_response(response)
2023-08-03 14:14:43,358 WARNING stderr:   File "C:\Users\a.colas\PycharmProjects\heimdal\venv\lib\site-packages\selenium\webdriver\remote\errorhandler.py", line 245, in check_response
2023-08-03 14:14:43,362 WARNING stderr:     raise exception_class(message, screen, stacktrace)
2023-08-03 14:14:43,362 WARNING stderr: selenium.common.exceptions.NoSuchWindowException: Message: no such window: target window already closed
2023-08-03 14:14:43,362 WARNING stderr: from unknown error: web view not found
2023-08-03 14:14:43,362 WARNING stderr:   (Session info: chrome=115.0.5790.110)
2023-08-03 14:14:43,362 WARNING stderr: Stacktrace:
2023-08-03 14:14:43,362 WARNING stderr: Backtrace:
2023-08-03 14:14:43,362 WARNING stderr: 	GetHandleVerifier [0x00391C63+49427]
2023-08-03 14:14:43,362 WARNING stderr: 	(No symbol) [0x00325F51]
2023-08-03 14:14:43,362 WARNING stderr: 	(No symbol) [0x0022C64D]
2023-08-03 14:14:43,362 WARNING stderr: 	(No symbol) [0x002132E5]
2023-08-03 14:14:43,362 WARNING stderr: 	(No symbol) [0x0027868B]
2023-08-03 14:14:43,363 WARNING stderr: 	(No symbol) [0x00286A63]
2023-08-03 14:14:43,363 WARNING stderr: 	(No symbol) [0x00274816]
2023-08-03 14:14:43,363 WARNING stderr: 	(No symbol) [0x00251127]
2023-08-03 14:14:43,363 WARNING stderr: 	(No symbol) [0x002522AD]
2023-08-03 14:14:43,363 WARNING stderr: 	GetHandleVerifier [0x005E7159+2496009]
2023-08-03 14:14:43,363 WARNING stderr: 	GetHandleVerifier [0x0062D582+2783794]
2023-08-03 14:14:43,363 WARNING stderr: 	GetHandleVerifier [0x006274A1+2758993]
2023-08-03 14:14:43,363 WARNING stderr: 	GetHandleVerifier [0x004111E0+571024]
2023-08-03 14:14:43,363 WARNING stderr: 	(No symbol) [0x0032F97A]
2023-08-03 14:14:43,363 WARNING stderr: 	(No symbol) [0x0032BD98]
2023-08-03 14:14:43,363 WARNING stderr: 	(No symbol) [0x0032BE7B]
2023-08-03 14:14:43,363 WARNING stderr: 	(No symbol) [0x0031EAA7]
2023-08-03 14:14:43,363 WARNING stderr: 	BaseThreadInitThunk [0x754000C9+25]
2023-08-03 14:14:43,363 WARNING stderr: 	RtlGetAppContainerNamedObjectPath [0x770B7B1E+286]
2023-08-03 14:14:43,363 WARNING stderr: 	RtlGetAppContainerNamedObjectPath [0x770B7AEE+238]
2023-08-03 14:14:43,364 WARNING stderr: 
