2023-08-07 13:48:45,038 WARNING Config: Older configuration version detected (27 instead of 24)
2023-08-07 13:48:45,038 WARNING Config: Upgrading configuration in progress.
2023-08-07 13:48:45,043 INFO deps: Successfully imported "kivy_deps.angle" 0.3.3
2023-08-07 13:48:45,043 INFO deps: Successfully imported "kivy_deps.glew" 0.3.1
2023-08-07 13:48:45,043 INFO deps: Successfully imported "kivy_deps.sdl2" 0.6.0
2023-08-07 13:48:45,043 INFO Kivy: v2.1.0
2023-08-07 13:48:45,043 INFO Kivy: Installed at "C:\Users\a.colas\PycharmProjects\heimdal\venv\lib\site-packages\kivy\__init__.py"
2023-08-07 13:48:45,044 INFO Python: v3.9.13 (tags/v3.9.13:6de2ca5, May 17 2022, 16:36:42) [MSC v.1929 64 bit (AMD64)]
2023-08-07 13:48:45,044 INFO Python: Interpreter at "C:\Users\a.colas\PycharmProjects\heimdal\venv\Scripts\python.exe"
2023-08-07 13:48:45,223 INFO Factory: 189 symbols loaded
2023-08-07 13:48:45,373 INFO Image: Providers: img_tex, img_dds, img_sdl2, img_pil (img_ffpyplayer ignored)
2023-08-07 13:48:45,554 INFO KivyMD: 1.1.1, git-Unknown, 2023-04-03 (installed at "C:\Users\a.colas\PycharmProjects\heimdal\venv\lib\site-packages\kivymd\__init__.py")
2023-08-07 13:48:45,581 INFO Text: Provider: sdl2
2023-08-07 13:48:45,724 INFO Window: Provider: sdl2
2023-08-07 13:48:46,075 INFO GL: Using the "OpenGL" graphics system
2023-08-07 13:48:46,092 INFO GL: GLEW initialization succeeded
2023-08-07 13:48:46,093 INFO GL: Backend used <glew>
2023-08-07 13:48:46,093 INFO GL: OpenGL version <b'4.6.0 Compatibility Profile Context 22.20.42.09.221129'>
2023-08-07 13:48:46,094 INFO GL: OpenGL vendor <b'ATI Technologies Inc.'>
2023-08-07 13:48:46,094 INFO GL: OpenGL renderer <b'AMD Radeon(TM) Vega 3 Graphics'>
2023-08-07 13:48:46,094 INFO GL: OpenGL parsed version: 4, 6
2023-08-07 13:48:46,094 INFO GL: Shading version <b'4.60'>
2023-08-07 13:48:46,094 INFO GL: Texture max size <16384>
2023-08-07 13:48:46,095 INFO GL: Texture max units <32>
2023-08-07 13:48:46,128 INFO Window: auto add sdl2 input provider
2023-08-07 13:48:46,135 INFO Window: virtual keyboard not allowed, single mode, not docked
2023-08-07 13:48:51,823 INFO Lancement de l'application
2023-08-07 13:48:51,850 WARNING Factory: Ignored class "CustomTextInput" re-declaration. Current -  module: None, cls: <class 'MyApp.CustomTextInput'>, baseclass: None, filename: None. Ignored -  module: None, cls: None, baseclass: TextInput, filename: C:\Users\a.colas\PycharmProjects\heimdal\myapp.kv.
2023-08-07 13:48:51,851 WARNING Factory: Ignored class "RoundedInput" re-declaration. Current -  module: None, cls: <class 'MyApp.RoundedInput'>, baseclass: None, filename: None. Ignored -  module: None, cls: None, baseclass: TextInput, filename: C:\Users\a.colas\PycharmProjects\heimdal\myapp.kv.
2023-08-07 13:48:51,851 ERROR module 'sys' has no attribute '_MEIPASS'
2023-08-07 13:48:51,926 ERROR module 'sys' has no attribute '_MEIPASS'
2023-08-07 13:48:51,926 INFO Chargement des stats
2023-08-07 13:48:51,995 INFO GL: NPOT texture support is available
2023-08-07 13:48:52,000 ERROR module 'sys' has no attribute '_MEIPASS'
2023-08-07 13:48:52,030 WARNING Deprecated property "<VariableListProperty name=padding_x>" of object "<MyApp.RoundedInput object at 0x0000019D796CC6D0>" was accessed, it will be removed in a future version
2023-08-07 13:48:52,063 ERROR module 'sys' has no attribute '_MEIPASS'
2023-08-07 13:48:52,157 INFO Chargement de la configuration
2023-08-07 13:48:52,167 INFO Base: Start application main loop
2023-08-07 13:52:16,692 INFO Sauvegarde de la configuration
2023-08-07 14:36:24,847 INFO Base: Leaving application in progress...
2023-08-07 14:36:25,119 INFO Fermeture de Heimdall par l'utilisateur
