2023-08-03 14:18:50,055 INFO Kivy: v2.1.0
2023-08-03 14:18:50,055 INFO Kivy: Installed at "C:\Users\A30C8~1.COL\AppData\Local\Temp\_MEI149642\kivy\__init__.pyc"
2023-08-03 14:18:50,055 INFO Python: v3.9.13 (tags/v3.9.13:6de2ca5, May 17 2022, 16:36:42) [MSC v.1929 64 bit (AMD64)]
2023-08-03 14:18:50,061 INFO Python: Interpreter at "C:\Users\a.colas\PycharmProjects\heimdal\dist\Heimdall.exe"
2023-08-03 14:18:50,155 INFO Factory: 189 symbols loaded
2023-08-03 14:18:50,208 INFO Image: Providers: img_tex, img_dds, img_sdl2, img_pil (img_ffpyplayer ignored)
2023-08-03 14:18:50,362 INFO KivyMD: 1.1.1, git-Unknown, 2023-04-03 (installed at "C:\Users\A30C8~1.COL\AppData\Local\Temp\_MEI149642\kivymd\__init__.pyc")
2023-08-03 14:18:50,362 INFO Text: Provider: sdl2
2023-08-03 14:18:50,409 INFO Window: Provider: sdl2
2023-08-03 14:18:50,867 INFO GL: Using the "OpenGL" graphics system
2023-08-03 14:18:50,888 INFO GL: GLEW initialization succeeded
2023-08-03 14:18:50,889 INFO GL: Backend used <glew>
2023-08-03 14:18:50,889 INFO GL: OpenGL version <b'4.6.0 Compatibility Profile Context 22.20.42.09.221129'>
2023-08-03 14:18:50,889 INFO GL: OpenGL vendor <b'ATI Technologies Inc.'>
2023-08-03 14:18:50,889 INFO GL: OpenGL renderer <b'AMD Radeon(TM) Vega 3 Graphics'>
2023-08-03 14:18:50,889 INFO GL: OpenGL parsed version: 4, 6
2023-08-03 14:18:50,890 INFO GL: Shading version <b'4.60'>
2023-08-03 14:18:50,890 INFO GL: Texture max size <16384>
2023-08-03 14:18:50,890 INFO GL: Texture max units <32>
2023-08-03 14:18:50,968 INFO Window: auto add sdl2 input provider
2023-08-03 14:18:50,970 INFO Window: virtual keyboard not allowed, single mode, not docked
2023-08-03 14:18:51,920 INFO Aucun fichier de whatsappelements
2023-08-03 14:18:51,921 INFO Lancement de l'application
2023-08-03 14:18:51,936 WARNING Factory: Ignored class "CustomTextInput" re-declaration. Current -  module: None, cls: <class 'MyApp.CustomTextInput'>, baseclass: None, filename: None. Ignored -  module: None, cls: None, baseclass: TextInput, filename: C:\Users\A30C8~1.COL\AppData\Local\Temp\_MEI149642\myapp.kv.
2023-08-03 14:18:51,937 WARNING Factory: Ignored class "RoundedInput" re-declaration. Current -  module: None, cls: <class 'MyApp.RoundedInput'>, baseclass: None, filename: None. Ignored -  module: None, cls: None, baseclass: TextInput, filename: C:\Users\A30C8~1.COL\AppData\Local\Temp\_MEI149642\myapp.kv.
2023-08-03 14:18:55,868 INFO GL: NPOT texture support is available
2023-08-03 14:18:55,871 INFO GL: Unpack subimage support is available
2023-08-03 14:18:55,905 WARNING Deprecated property "<VariableListProperty name=padding_x>" of object "<MyApp.RoundedInput object at 0x00000155FF1C34A0>" was accessed, it will be removed in a future version
2023-08-03 14:18:55,974 ERROR Fichier de configuration inexistant
2023-08-03 14:18:55,979 INFO Base: Start application main loop
2023-08-03 14:18:57,219 ERROR Fichier de configuration inexistant
2023-08-03 14:18:57,219 INFO Base: Leaving application in progress...
2023-08-03 14:18:57,223 WARNING stderr: Traceback (most recent call last):
2023-08-03 14:18:57,223 WARNING stderr:   File "MyApp.py", line 554, in <module>
2023-08-03 14:18:57,224 WARNING stderr:   File "kivy\app.py", line 955, in run
2023-08-03 14:18:57,224 WARNING stderr:   File "kivy\base.py", line 574, in runTouchApp
2023-08-03 14:18:57,225 WARNING stderr:   File "kivy\base.py", line 339, in mainloop
2023-08-03 14:18:57,225 WARNING stderr:   File "kivy\base.py", line 383, in idle
2023-08-03 14:18:57,225 WARNING stderr:   File "kivy\base.py", line 334, in dispatch_input
2023-08-03 14:18:57,226 WARNING stderr:   File "kivy\base.py", line 302, in post_dispatch_input
2023-08-03 14:18:57,226 WARNING stderr:   File "kivy\_event.pyx", line 731, in kivy._event.EventDispatcher.dispatch
2023-08-03 14:18:57,226 WARNING stderr:   File "kivy\uix\behaviors\button.py", line 179, in on_touch_up
2023-08-03 14:18:57,227 WARNING stderr:   File "kivy\_event.pyx", line 727, in kivy._event.EventDispatcher.dispatch
2023-08-03 14:18:57,227 WARNING stderr:   File "kivy\_event.pyx", line 1307, in kivy._event.EventObservers.dispatch
2023-08-03 14:18:57,228 WARNING stderr:   File "kivy\_event.pyx", line 1191, in kivy._event.EventObservers._dispatch
2023-08-03 14:18:57,228 WARNING stderr:   File "kivy\lang\builder.py", line 55, in custom_callback
2023-08-03 14:18:57,228 WARNING stderr:   File "C:\Users\A30C8~1.COL\AppData\Local\Temp\_MEI149642\myapp.kv", line 62, in <module>
2023-08-03 14:18:57,229 WARNING stderr:     on_release: root.listeningWhatsAppSession()
2023-08-03 14:18:57,229 WARNING stderr:   File "MyApp.py", line 120, in listeningWhatsAppSession
2023-08-03 14:18:57,229 WARNING stderr: UnboundLocalError: local variable 'session' referenced before assignment
